<?xml version="1.0" encoding="UTF-8"?>
<!-- Generated by org.testng.reporters.JUnitReportReporter -->
<testsuite hostname="LAPTOP-3B7J3G9G" failures="0" tests="3" name="com.blazedemo.qa.test.LoginPageTest" time="31.211" errors="0" timestamp="2021-06-09T11:53:07 IST" skipped="0">
  <testcase classname="com.blazedemo.qa.test.LoginPageTest" name="verifyHomePageTitleTest" time="10.647"/>
  <system-out/>
  <testcase classname="com.blazedemo.qa.test.LoginPageTest" name="fillLoginTest" time="10.995"/>
  <system-out/>
  <testcase classname="com.blazedemo.qa.test.LoginPageTest" name="navigateToRegistration" time="9.569"/>
  <system-out/>
</testsuite> <!-- com.blazedemo.qa.test.LoginPageTest -->
