<?xml version="1.0" encoding="UTF-8"?>
<!-- Generated by org.testng.reporters.JUnitReportReporter -->
<testsuite hostname="LAPTOP-3B7J3G9G" failures="0" tests="2" name="com.blazedemo.qa.test.PassengerPurchaseDetailPageTest" time="19.848" errors="0" timestamp="2021-06-09T11:53:07 IST" skipped="0">
  <testcase classname="com.blazedemo.qa.test.PassengerPurchaseDetailPageTest" name="verifyDetailsPageTitleTest" time="8.860"/>
  <system-out/>
  <testcase classname="com.blazedemo.qa.test.PassengerPurchaseDetailPageTest" name="fillFullDetails" time="10.988"/>
  <system-out/>
</testsuite> <!-- com.blazedemo.qa.test.PassengerPurchaseDetailPageTest -->
