<?xml version="1.0" encoding="UTF-8"?>
<!-- Generated by org.testng.reporters.JUnitReportReporter -->
<testsuite hostname="LAPTOP-3B7J3G9G" failures="0" tests="3" name="com.blazedemo.qa.test.FindFlightPageTest" time="25.916" errors="0" timestamp="2021-06-09T11:53:07 IST" skipped="0">
  <testcase classname="com.blazedemo.qa.test.FindFlightPageTest" name="findFlightPageTitleTest" time="8.649"/>
  <system-out/>
  <testcase classname="com.blazedemo.qa.test.FindFlightPageTest" name="navigaTeToHomeLinkTest" time="9.446"/>
  <system-out/>
  <testcase classname="com.blazedemo.qa.test.FindFlightPageTest" name="findFlightTest" time="7.821"/>
  <system-out/>
</testsuite> <!-- com.blazedemo.qa.test.FindFlightPageTest -->
