<?xml version="1.0" encoding="UTF-8"?>
<!-- Generated by org.testng.reporters.JUnitReportReporter -->
<testsuite hostname="LAPTOP-3B7J3G9G" failures="0" tests="3" name="com.blazedemo.qa.test.ChooseFlightPageTest" time="22.955" errors="0" timestamp="2021-06-09T11:53:07 IST" skipped="0">
  <testcase classname="com.blazedemo.qa.test.ChooseFlightPageTest" name="verifyChooseFlightPageTitleTest" time="7.180"/>
  <system-out/>
  <testcase classname="com.blazedemo.qa.test.ChooseFlightPageTest" name="verifyTableTest" time="7.665"/>
  <system-out/>
  <testcase classname="com.blazedemo.qa.test.ChooseFlightPageTest" name="chooseFlightTest" time="8.110"/>
  <system-out/>
</testsuite> <!-- com.blazedemo.qa.test.ChooseFlightPageTest -->
