<?xml version="1.0" encoding="UTF-8"?>
<!-- Generated by org.testng.reporters.JUnitReportReporter -->
<testsuite hostname="LAPTOP-3B7J3G9G" failures="0" tests="4" name="com.blazedemo.qa.test.BookingConfirmationPageTest" time="40.165" errors="0" timestamp="2021-06-09T11:53:07 IST" skipped="0">
  <testcase classname="com.blazedemo.qa.test.BookingConfirmationPageTest" name="bookingConfirmPageTitleTest" time="10.190"/>
  <system-out/>
  <testcase classname="com.blazedemo.qa.test.BookingConfirmationPageTest" name="verifyBookingSuccessTest" time="9.838"/>
  <system-out/>
  <testcase classname="com.blazedemo.qa.test.BookingConfirmationPageTest" name="checkConfirmIDTest" time="8.676"/>
  <system-out/>
  <testcase classname="com.blazedemo.qa.test.BookingConfirmationPageTest" name="getConfirmIDTest" time="11.461"/>
  <system-out/>
</testsuite> <!-- com.blazedemo.qa.test.BookingConfirmationPageTest -->
