<?xml version="1.0" encoding="UTF-8"?>
<!-- Generated by org.testng.reporters.JUnitReportReporter -->
<testsuite hostname="LAPTOP-3B7J3G9G" failures="0" tests="2" name="ui.Tests" time="13.365" errors="0" timestamp="2021-06-07T02:56:48 IST" skipped="0">
  <testcase classname="ui.Tests" name="verifyPageTitleTest" time="5.652"/>
  <system-out/>
  <testcase classname="ui.Tests" name="dropdown" time="7.713"/>
  <system-out/>
</testsuite> <!-- ui.Tests -->
